# JRE version: Java(TM) SE Runtime Environment (8.0_161-b12) (build 1.8.0_161-b12)
# Java VM: Java HotSpot(TM) 64-Bit Server VM (25.161-b12 mixed mode windows-amd64 compressed oops)
Heap:
 PSYoungGen      total 2446848K, used 261650K [0x0000000715580000, 0x00000007c0000000, 0x00000007c0000000)
  eden space 2097664K, 12% used [0x0000000715580000,0x0000000725504998,0x0000000795600000)
  from space 349184K, 0% used [0x0000000795600000,0x0000000795600000,0x00000007aab00000)
  to   space 349184K, 0% used [0x00000007aab00000,0x00000007aab00000,0x00000007c0000000)
 ParOldGen       total 5592576K, used 153319K [0x00000005c0000000, 0x0000000715580000, 0x0000000715580000)
  object space 5592576K, 2% used [0x00000005c0000000,0x00000005c95b9db8,0x0000000715580000)
 Metaspace       used 11308K, capacity 11704K, committed 11776K, reserved 1060864K
  class space    used 1133K, capacity 1244K, committed 1280K, reserved 1048576K
GC Heap History (10 events):
Event: 18.623 GC heap before
{Heap before GC invocations=462 (full 231):
 PSYoungGen      total 2446848K, used 384K [0x0000000715580000, 0x00000007c0000000, 0x00000007c0000000)
  eden space 2097664K, 0% used [0x0000000715580000,0x0000000715580000,0x0000000795600000)
  from space 349184K, 0% used [0x0000000795600000,0x0000000795660000,0x00000007aab00000)
  to   space 349184K, 0% used [0x00000007aab00000,0x00000007aab00000,0x00000007c0000000)
 ParOldGen       total 5592576K, used 153319K [0x00000005c0000000, 0x0000000715580000, 0x0000000715580000)
  object space 5592576K, 2% used [0x00000005c0000000,0x00000005c95b9dd0,0x0000000715580000)
 Metaspace       used 11307K, capacity 11704K, committed 11776K, reserved 1060864K
  class space    used 1133K, capacity 1244K, committed 1280K, reserved 1048576K
Event: 18.642 GC heap after
Heap after GC invocations=462 (full 231):
 PSYoungGen      total 2446848K, used 0K [0x0000000715580000, 0x00000007c0000000, 0x00000007c0000000)
  eden space 2097664K, 0% used [0x0000000715580000,0x0000000715580000,0x0000000795600000)
  from space 349184K, 0% used [0x0000000795600000,0x0000000795600000,0x00000007aab00000)
  to   space 349184K, 0% used [0x00000007aab00000,0x00000007aab00000,0x00000007c0000000)
 ParOldGen       total 5592576K, used 153319K [0x00000005c0000000, 0x0000000715580000, 0x0000000715580000)
  object space 5592576K, 2% used [0x00000005c0000000,0x00000005c95b9fb8,0x0000000715580000)
 Metaspace       used 11307K, capacity 11704K, committed 11776K, reserved 1060864K
  class space    used 1133K, capacity 1244K, committed 1280K, reserved 1048576K
}
Event: 18.700 GC heap before
{Heap before GC invocations=463 (full 231):
 PSYoungGen      total 2446848K, used 295213K [0x0000000715580000, 0x00000007c0000000, 0x00000007c0000000)
  eden space 2097664K, 14% used [0x0000000715580000,0x00000007275cb410,0x0000000795600000)
  from space 349184K, 0% used [0x0000000795600000,0x0000000795600000,0x00000007aab00000)
  to   space 349184K, 0% used [0x00000007aab00000,0x00000007aab00000,0x00000007c0000000)
 ParOldGen       total 5592576K, used 153319K [0x00000005c0000000, 0x0000000715580000, 0x0000000715580000)
  object space 5592576K, 2% used [0x00000005c0000000,0x00000005c95b9fb8,0x0000000715580000)
 Metaspace       used 11308K, capacity 11704K, committed 11776K, reserved 1060864K
  class space    used 1133K, capacity 1244K, committed 1280K, reserved 1048576K
Event: 18.700 GC heap after
Heap after GC invocations=463 (full 231):
 PSYoungGen      total 2446848K, used 352K [0x0000000715580000, 0x00000007c0000000, 0x00000007c0000000)
  eden space 2097664K, 0% used [0x0000000715580000,0x0000000715580000,0x0000000795600000)
  from space 349184K, 0% used [0x00000007aab00000,0x00000007aab58000,0x00000007c0000000)
  to   space 349184K, 0% used [0x0000000795600000,0x0000000795600000,0x00000007aab00000)
 ParOldGen       total 5592576K, used 153319K [0x00000005c0000000, 0x0000000715580000, 0x0000000715580000)
  object space 5592576K, 2% used [0x00000005c0000000,0x00000005c95b9fb8,0x0000000715580000)
 Metaspace       used 11308K, capacity 11704K, committed 11776K, reserved 1060864K
  class space    used 1133K, capacity 1244K, committed 1280K, reserved 1048576K
}
Event: 18.701 GC heap before
{Heap before GC invocations=464 (full 232):
 PSYoungGen      total 2446848K, used 352K [0x0000000715580000, 0x00000007c0000000, 0x00000007c0000000)
  eden space 2097664K, 0% used [0x0000000715580000,0x0000000715580000,0x0000000795600000)
  from space 349184K, 0% used [0x00000007aab00000,0x00000007aab58000,0x00000007c0000000)
  to   space 349184K, 0% used [0x0000000795600000,0x0000000795600000,0x00000007aab00000)
 ParOldGen       total 5592576K, used 153319K [0x00000005c0000000, 0x0000000715580000, 0x0000000715580000)
  object space 5592576K, 2% used [0x00000005c0000000,0x00000005c95b9fb8,0x0000000715580000)
 Metaspace       used 11308K, capacity 11704K, committed 11776K, reserved 1060864K
  class space    used 1133K, capacity 1244K, committed 1280K, reserved 1048576K
Event: 18.719 GC heap after
Heap after GC invocations=464 (full 232):
 PSYoungGen      total 2446848K, used 0K [0x0000000715580000, 0x00000007c0000000, 0x00000007c0000000)
  eden space 2097664K, 0% used [0x0000000715580000,0x0000000715580000,0x0000000795600000)
  from space 349184K, 0% used [0x00000007aab00000,0x00000007aab00000,0x00000007c0000000)
  to   space 349184K, 0% used [0x0000000795600000,0x0000000795600000,0x00000007aab00000)
 ParOldGen       total 5592576K, used 153319K [0x00000005c0000000, 0x0000000715580000, 0x0000000715580000)
  object space 5592576K, 2% used [0x00000005c0000000,0x00000005c95b9dd0,0x0000000715580000)
 Metaspace       used 11308K, capacity 11704K, committed 11776K, reserved 1060864K
  class space    used 1133K, capacity 1244K, committed 1280K, reserved 1048576K
}
Event: 18.779 GC heap before
{Heap before GC invocations=465 (full 232):
 PSYoungGen      total 2446848K, used 295213K [0x0000000715580000, 0x00000007c0000000, 0x00000007c0000000)
  eden space 2097664K, 14% used [0x0000000715580000,0x00000007275cb410,0x0000000795600000)
  from space 349184K, 0% used [0x00000007aab00000,0x00000007aab00000,0x00000007c0000000)
  to   space 349184K, 0% used [0x0000000795600000,0x0000000795600000,0x00000007aab00000)
 ParOldGen       total 5592576K, used 153319K [0x00000005c0000000, 0x0000000715580000, 0x0000000715580000)
  object space 5592576K, 2% used [0x00000005c0000000,0x00000005c95b9dd0,0x0000000715580000)
 Metaspace       used 11308K, capacity 11704K, committed 11776K, reserved 1060864K
  class space    used 1133K, capacity 1244K, committed 1280K, reserved 1048576K
Event: 18.779 GC heap after
Heap after GC invocations=465 (full 232):
 PSYoungGen      total 2446848K, used 384K [0x0000000715580000, 0x00000007c0000000, 0x00000007c0000000)
  eden space 2097664K, 0% used [0x0000000715580000,0x0000000715580000,0x0000000795600000)
  from space 349184K, 0% used [0x0000000795600000,0x0000000795660000,0x00000007aab00000)
  to   space 349184K, 0% used [0x00000007aab00000,0x00000007aab00000,0x00000007c0000000)
 ParOldGen       total 5592576K, used 153319K [0x00000005c0000000, 0x0000000715580000, 0x0000000715580000)
  object space 5592576K, 2% used [0x00000005c0000000,0x00000005c95b9dd0,0x0000000715580000)
 Metaspace       used 11308K, capacity 11704K, committed 11776K, reserved 1060864K
  class space    used 1133K, capacity 1244K, committed 1280K, reserved 1048576K
}
Event: 18.779 GC heap before
{Heap before GC invocations=466 (full 233):
 PSYoungGen      total 2446848K, used 384K [0x0000000715580000, 0x00000007c0000000, 0x00000007c0000000)
  eden space 2097664K, 0% used [0x0000000715580000,0x0000000715580000,0x0000000795600000)
  from space 349184K, 0% used [0x0000000795600000,0x0000000795660000,0x00000007aab00000)
  to   space 349184K, 0% used [0x00000007aab00000,0x00000007aab00000,0x00000007c0000000)
 ParOldGen       total 5592576K, used 153319K [0x00000005c0000000, 0x0000000715580000, 0x0000000715580000)
  object space 5592576K, 2% used [0x00000005c0000000,0x00000005c95b9dd0,0x0000000715580000)
 Metaspace       used 11308K, capacity 11704K, committed 11776K, reserved 1060864K
  class space    used 1133K, capacity 1244K, committed 1280K, reserved 1048576K
Event: 18.797 GC heap after
Heap after GC invocations=466 (full 233):
 PSYoungGen      total 2446848K, used 0K [0x0000000715580000, 0x00000007c0000000, 0x00000007c0000000)
  eden space 2097664K, 0% used [0x0000000715580000,0x0000000715580000,0x0000000795600000)
  from space 349184K, 0% used [0x0000000795600000,0x0000000795600000,0x00000007aab00000)
  to   space 349184K, 0% used [0x00000007aab00000,0x00000007aab00000,0x00000007c0000000)
 ParOldGen       total 5592576K, used 153319K [0x00000005c0000000, 0x0000000715580000, 0x0000000715580000)
  object space 5592576K, 2% used [0x00000005c0000000,0x00000005c95b9db8,0x0000000715580000)
 Metaspace       used 11308K, capacity 11704K, committed 11776K, reserved 1060864K
  class space    used 1133K, capacity 1244K, committed 1280K, reserved 1048576K
}

