# JRE version: Java(TM) SE Runtime Environment (8.0_161-b12) (build 1.8.0_161-b12)
# Java VM: Java HotSpot(TM) 64-Bit Server VM (25.161-b12 mixed mode windows-amd64 compressed oops)
Heap:
 PSYoungGen      total 140800K, used 80254K [0x000000076ba00000, 0x000000077cd00000, 0x00000007c0000000)
  eden space 130048K, 61% used [0x000000076ba00000,0x000000077085f8a8,0x0000000773900000)
  from space 10752K, 0% used [0x0000000773900000,0x0000000773900000,0x0000000774380000)
  to   space 10752K, 0% used [0x000000077c280000,0x000000077c280000,0x000000077cd00000)
 ParOldGen       total 290816K, used 122149K [0x00000006c2e00000, 0x00000006d4a00000, 0x000000076ba00000)
  object space 290816K, 42% used [0x00000006c2e00000,0x00000006ca5494a0,0x00000006d4a00000)
 Metaspace       used 7034K, capacity 7250K, committed 7552K, reserved 1056768K
  class space    used 745K, capacity 827K, committed 896K, reserved 1048576K
GC Heap History (8 events):
Event: 0.333 GC heap before
{Heap before GC invocations=1 (full 0):
 PSYoungGen      total 75776K, used 65024K [0x000000076ba00000, 0x0000000770e80000, 0x00000007c0000000)
  eden space 65024K, 100% used [0x000000076ba00000,0x000000076f980000,0x000000076f980000)
  from space 10752K, 0% used [0x0000000770400000,0x0000000770400000,0x0000000770e80000)
  to   space 10752K, 0% used [0x000000076f980000,0x000000076f980000,0x0000000770400000)
 ParOldGen       total 173568K, used 0K [0x00000006c2e00000, 0x00000006cd780000, 0x000000076ba00000)
  object space 173568K, 0% used [0x00000006c2e00000,0x00000006c2e00000,0x00000006cd780000)
 Metaspace       used 6720K, capacity 6924K, committed 7296K, reserved 1056768K
  class space    used 703K, capacity 776K, committed 896K, reserved 1048576K
Event: 0.348 GC heap after
Heap after GC invocations=1 (full 0):
 PSYoungGen      total 75776K, used 10750K [0x000000076ba00000, 0x0000000774e00000, 0x00000007c0000000)
  eden space 65024K, 0% used [0x000000076ba00000,0x000000076ba00000,0x000000076f980000)
  from space 10752K, 99% used [0x000000076f980000,0x00000007703ffab0,0x0000000770400000)
  to   space 10752K, 0% used [0x0000000774380000,0x0000000774380000,0x0000000774e00000)
 ParOldGen       total 173568K, used 53570K [0x00000006c2e00000, 0x00000006cd780000, 0x000000076ba00000)
  object space 173568K, 30% used [0x00000006c2e00000,0x00000006c62509c0,0x00000006cd780000)
 Metaspace       used 6720K, capacity 6924K, committed 7296K, reserved 1056768K
  class space    used 703K, capacity 776K, committed 896K, reserved 1048576K
}
Event: 0.376 GC heap before
{Heap before GC invocations=2 (full 0):
 PSYoungGen      total 75776K, used 75597K [0x000000076ba00000, 0x0000000774e00000, 0x00000007c0000000)
  eden space 65024K, 99% used [0x000000076ba00000,0x000000076f953b38,0x000000076f980000)
  from space 10752K, 99% used [0x000000076f980000,0x00000007703ffab0,0x0000000770400000)
  to   space 10752K, 0% used [0x0000000774380000,0x0000000774380000,0x0000000774e00000)
 ParOldGen       total 173568K, used 53570K [0x00000006c2e00000, 0x00000006cd780000, 0x000000076ba00000)
  object space 173568K, 30% used [0x00000006c2e00000,0x00000006c62509c0,0x00000006cd780000)
 Metaspace       used 6723K, capacity 6924K, committed 7296K, reserved 1056768K
  class space    used 703K, capacity 776K, committed 896K, reserved 1048576K
Event: 0.387 GC heap after
Heap after GC invocations=2 (full 0):
 PSYoungGen      total 140800K, used 10750K [0x000000076ba00000, 0x0000000774e00000, 0x00000007c0000000)
  eden space 130048K, 0% used [0x000000076ba00000,0x000000076ba00000,0x0000000773900000)
  from space 10752K, 99% used [0x0000000774380000,0x0000000774dffab0,0x0000000774e00000)
  to   space 10752K, 0% used [0x0000000773900000,0x0000000773900000,0x0000000774380000)
 ParOldGen       total 173568K, used 98626K [0x00000006c2e00000, 0x00000006cd780000, 0x000000076ba00000)
  object space 173568K, 56% used [0x00000006c2e00000,0x00000006c8e509c0,0x00000006cd780000)
 Metaspace       used 6723K, capacity 6924K, committed 7296K, reserved 1056768K
  class space    used 703K, capacity 776K, committed 896K, reserved 1048576K
}
Event: 0.443 GC heap before
{Heap before GC invocations=3 (full 0):
 PSYoungGen      total 140800K, used 132389K [0x000000076ba00000, 0x0000000774e00000, 0x00000007c0000000)
  eden space 130048K, 93% used [0x000000076ba00000,0x00000007730c9c00,0x0000000773900000)
  from space 10752K, 99% used [0x0000000774380000,0x0000000774dffab0,0x0000000774e00000)
  to   space 10752K, 0% used [0x0000000773900000,0x0000000773900000,0x0000000774380000)
 ParOldGen       total 173568K, used 98626K [0x00000006c2e00000, 0x00000006cd780000, 0x000000076ba00000)
  object space 173568K, 56% used [0x00000006c2e00000,0x00000006c8e509c0,0x00000006cd780000)
 Metaspace       used 6723K, capacity 6924K, committed 7296K, reserved 1056768K
  class space    used 703K, capacity 776K, committed 896K, reserved 1048576K
Event: 0.460 GC heap after
Heap after GC invocations=3 (full 0):
 PSYoungGen      total 140800K, used 10734K [0x000000076ba00000, 0x000000077cd00000, 0x00000007c0000000)
  eden space 130048K, 0% used [0x000000076ba00000,0x000000076ba00000,0x0000000773900000)
  from space 10752K, 99% used [0x0000000773900000,0x000000077437bac0,0x0000000774380000)
  to   space 10752K, 0% used [0x000000077c280000,0x000000077c280000,0x000000077cd00000)
 ParOldGen       total 179712K, used 178706K [0x00000006c2e00000, 0x00000006cdd80000, 0x000000076ba00000)
  object space 179712K, 99% used [0x00000006c2e00000,0x00000006cdc849c0,0x00000006cdd80000)
 Metaspace       used 6723K, capacity 6924K, committed 7296K, reserved 1056768K
  class space    used 703K, capacity 776K, committed 896K, reserved 1048576K
}
Event: 0.460 GC heap before
{Heap before GC invocations=4 (full 1):
 PSYoungGen      total 140800K, used 10734K [0x000000076ba00000, 0x000000077cd00000, 0x00000007c0000000)
  eden space 130048K, 0% used [0x000000076ba00000,0x000000076ba00000,0x0000000773900000)
  from space 10752K, 99% used [0x0000000773900000,0x000000077437bac0,0x0000000774380000)
  to   space 10752K, 0% used [0x000000077c280000,0x000000077c280000,0x000000077cd00000)
 ParOldGen       total 179712K, used 178706K [0x00000006c2e00000, 0x00000006cdd80000, 0x000000076ba00000)
  object space 179712K, 99% used [0x00000006c2e00000,0x00000006cdc849c0,0x00000006cdd80000)
 Metaspace       used 6723K, capacity 6924K, committed 7296K, reserved 1056768K
  class space    used 703K, capacity 776K, committed 896K, reserved 1048576K
Event: 0.497 GC heap after
Heap after GC invocations=4 (full 1):
 PSYoungGen      total 140800K, used 0K [0x000000076ba00000, 0x000000077cd00000, 0x00000007c0000000)
  eden space 130048K, 0% used [0x000000076ba00000,0x000000076ba00000,0x0000000773900000)
  from space 10752K, 0% used [0x0000000773900000,0x0000000773900000,0x0000000774380000)
  to   space 10752K, 0% used [0x000000077c280000,0x000000077c280000,0x000000077cd00000)
 ParOldGen       total 290816K, used 122149K [0x00000006c2e00000, 0x00000006d4a00000, 0x000000076ba00000)
  object space 290816K, 42% used [0x00000006c2e00000,0x00000006ca5494a0,0x00000006d4a00000)
 Metaspace       used 6723K, capacity 6924K, committed 7296K, reserved 1056768K
  class space    used 703K, capacity 776K, committed 896K, reserved 1048576K
}

