# JRE version: Java(TM) SE Runtime Environment (8.0_161-b12) (build 1.8.0_161-b12)
# Java VM: Java HotSpot(TM) 64-Bit Server VM (25.161-b12 mixed mode windows-amd64 compressed oops)
Heap:
 PSYoungGen      total 1136640K, used 802435K [0x0000000716780000, 0x0000000761280000, 0x00000007c0000000)
  eden space 1049600K, 68% used [0x0000000716780000,0x0000000742222d30,0x0000000756880000)
  from space 87040K, 99% used [0x000000075bd80000,0x000000076127e0e0,0x0000000761280000)
  to   space 87040K, 0% used [0x0000000756880000,0x0000000756880000,0x000000075bd80000)
 ParOldGen       total 1398272K, used 285337K [0x00000005c3600000, 0x0000000618b80000, 0x0000000716780000)
  object space 1398272K, 20% used [0x00000005c3600000,0x00000005d4ca66f8,0x0000000618b80000)
 Metaspace       used 12207K, capacity 12504K, committed 12672K, reserved 1060864K
  class space    used 1255K, capacity 1348K, committed 1408K, reserved 1048576K
GC Heap History (4 events):
Event: 1.156 GC heap before
{Heap before GC invocations=1 (full 0):
 PSYoungGen      total 611840K, used 524800K [0x0000000716780000, 0x0000000741200000, 0x00000007c0000000)
  eden space 524800K, 100% used [0x0000000716780000,0x0000000736800000,0x0000000736800000)
  from space 87040K, 0% used [0x000000073bd00000,0x000000073bd00000,0x0000000741200000)
  to   space 87040K, 0% used [0x0000000736800000,0x0000000736800000,0x000000073bd00000)
 ParOldGen       total 1398272K, used 0K [0x00000005c3600000, 0x0000000618b80000, 0x0000000716780000)
  object space 1398272K, 0% used [0x00000005c3600000,0x00000005c3600000,0x0000000618b80000)
 Metaspace       used 7307K, capacity 7518K, committed 7808K, reserved 1056768K
  class space    used 710K, capacity 782K, committed 896K, reserved 1048576K
Event: 1.201 GC heap after
Heap after GC invocations=1 (full 0):
 PSYoungGen      total 611840K, used 87028K [0x0000000716780000, 0x0000000761280000, 0x00000007c0000000)
  eden space 524800K, 0% used [0x0000000716780000,0x0000000716780000,0x0000000736800000)
  from space 87040K, 99% used [0x0000000736800000,0x000000073bcfd140,0x000000073bd00000)
  to   space 87040K, 0% used [0x000000075bd80000,0x000000075bd80000,0x0000000761280000)
 ParOldGen       total 1398272K, used 140319K [0x00000005c3600000, 0x0000000618b80000, 0x0000000716780000)
  object space 1398272K, 10% used [0x00000005c3600000,0x00000005cbf07e08,0x0000000618b80000)
 Metaspace       used 7307K, capacity 7518K, committed 7808K, reserved 1056768K
  class space    used 710K, capacity 782K, committed 896K, reserved 1048576K
}
Event: 2.020 GC heap before
{Heap before GC invocations=2 (full 0):
 PSYoungGen      total 611840K, used 611828K [0x0000000716780000, 0x0000000761280000, 0x00000007c0000000)
  eden space 524800K, 100% used [0x0000000716780000,0x0000000736800000,0x0000000736800000)
  from space 87040K, 99% used [0x0000000736800000,0x000000073bcfd140,0x000000073bd00000)
  to   space 87040K, 0% used [0x000000075bd80000,0x000000075bd80000,0x0000000761280000)
 ParOldGen       total 1398272K, used 140320K [0x00000005c3600000, 0x0000000618b80000, 0x0000000716780000)
  object space 1398272K, 10% used [0x00000005c3600000,0x00000005cbf08360,0x0000000618b80000)
 Metaspace       used 11537K, capacity 11838K, committed 12160K, reserved 1060864K
  class space    used 1183K, capacity 1281K, committed 1408K, reserved 1048576K
Event: 2.062 GC heap after
Heap after GC invocations=2 (full 0):
 PSYoungGen      total 1136640K, used 87032K [0x0000000716780000, 0x0000000761280000, 0x00000007c0000000)
  eden space 1049600K, 0% used [0x0000000716780000,0x0000000716780000,0x0000000756880000)
  from space 87040K, 99% used [0x000000075bd80000,0x000000076127e0e0,0x0000000761280000)
  to   space 87040K, 0% used [0x0000000756880000,0x0000000756880000,0x000000075bd80000)
 ParOldGen       total 1398272K, used 285337K [0x00000005c3600000, 0x0000000618b80000, 0x0000000716780000)
  object space 1398272K, 20% used [0x00000005c3600000,0x00000005d4ca66f8,0x0000000618b80000)
 Metaspace       used 11537K, capacity 11838K, committed 12160K, reserved 1060864K
  class space    used 1183K, capacity 1281K, committed 1408K, reserved 1048576K
}

