# JRE version: Java(TM) SE Runtime Environment (8.0_161-b12) (build 1.8.0_161-b12)
# Java VM: Java HotSpot(TM) 64-Bit Server VM (25.161-b12 mixed mode windows-amd64 compressed oops)
Heap:
 PSYoungGen      total 1136640K, used 890103K [0x0000000716780000, 0x0000000761280000, 0x00000007c0000000)
  eden space 1049600K, 76% used [0x0000000716780000,0x00000007477c0b20,0x0000000756880000)
  from space 87040K, 99% used [0x000000075bd80000,0x000000076127d388,0x0000000761280000)
  to   space 87040K, 0% used [0x0000000756880000,0x0000000756880000,0x000000075bd80000)
 ParOldGen       total 1398272K, used 281553K [0x00000005c3600000, 0x0000000618b80000, 0x0000000716780000)
  object space 1398272K, 20% used [0x00000005c3600000,0x00000005d48f46d0,0x0000000618b80000)
 Metaspace       used 10081K, capacity 10356K, committed 10624K, reserved 1058816K
  class space    used 1008K, capacity 1081K, committed 1152K, reserved 1048576K
GC Heap History (4 events):
Event: 1.031 GC heap before
{Heap before GC invocations=1 (full 0):
 PSYoungGen      total 611840K, used 524800K [0x0000000716780000, 0x0000000741200000, 0x00000007c0000000)
  eden space 524800K, 100% used [0x0000000716780000,0x0000000736800000,0x0000000736800000)
  from space 87040K, 0% used [0x000000073bd00000,0x000000073bd00000,0x0000000741200000)
  to   space 87040K, 0% used [0x0000000736800000,0x0000000736800000,0x000000073bd00000)
 ParOldGen       total 1398272K, used 0K [0x00000005c3600000, 0x0000000618b80000, 0x0000000716780000)
  object space 1398272K, 0% used [0x00000005c3600000,0x00000005c3600000,0x0000000618b80000)
 Metaspace       used 6357K, capacity 6498K, committed 6656K, reserved 1056768K
  class space    used 629K, capacity 679K, committed 768K, reserved 1048576K
Event: 1.079 GC heap after
Heap after GC invocations=1 (full 0):
 PSYoungGen      total 611840K, used 87012K [0x0000000716780000, 0x0000000761280000, 0x00000007c0000000)
  eden space 524800K, 0% used [0x0000000716780000,0x0000000716780000,0x0000000736800000)
  from space 87040K, 99% used [0x0000000736800000,0x000000073bcf9150,0x000000073bd00000)
  to   space 87040K, 0% used [0x000000075bd80000,0x000000075bd80000,0x0000000761280000)
 ParOldGen       total 1398272K, used 140703K [0x00000005c3600000, 0x0000000618b80000, 0x0000000716780000)
  object space 1398272K, 10% used [0x00000005c3600000,0x00000005cbf67f50,0x0000000618b80000)
 Metaspace       used 6357K, capacity 6498K, committed 6656K, reserved 1056768K
  class space    used 629K, capacity 679K, committed 768K, reserved 1048576K
}
Event: 1.754 GC heap before
{Heap before GC invocations=2 (full 0):
 PSYoungGen      total 611840K, used 611812K [0x0000000716780000, 0x0000000761280000, 0x00000007c0000000)
  eden space 524800K, 100% used [0x0000000716780000,0x0000000736800000,0x0000000736800000)
  from space 87040K, 99% used [0x0000000736800000,0x000000073bcf9150,0x000000073bd00000)
  to   space 87040K, 0% used [0x000000075bd80000,0x000000075bd80000,0x0000000761280000)
 ParOldGen       total 1398272K, used 140705K [0x00000005c3600000, 0x0000000618b80000, 0x0000000716780000)
  object space 1398272K, 10% used [0x00000005c3600000,0x00000005cbf68540,0x0000000618b80000)
 Metaspace       used 9511K, capacity 9770K, committed 9984K, reserved 1058816K
  class space    used 941K, capacity 1016K, committed 1024K, reserved 1048576K
Event: 1.798 GC heap after
Heap after GC invocations=2 (full 0):
 PSYoungGen      total 1136640K, used 87028K [0x0000000716780000, 0x0000000761280000, 0x00000007c0000000)
  eden space 1049600K, 0% used [0x0000000716780000,0x0000000716780000,0x0000000756880000)
  from space 87040K, 99% used [0x000000075bd80000,0x000000076127d388,0x0000000761280000)
  to   space 87040K, 0% used [0x0000000756880000,0x0000000756880000,0x000000075bd80000)
 ParOldGen       total 1398272K, used 281553K [0x00000005c3600000, 0x0000000618b80000, 0x0000000716780000)
  object space 1398272K, 20% used [0x00000005c3600000,0x00000005d48f46d0,0x0000000618b80000)
 Metaspace       used 9511K, capacity 9770K, committed 9984K, reserved 1058816K
  class space    used 941K, capacity 1016K, committed 1024K, reserved 1048576K
}

