# JRE version: Java(TM) SE Runtime Environment (8.0_161-b12) (build 1.8.0_161-b12)
# Java VM: Java HotSpot(TM) 64-Bit Server VM (25.161-b12 mixed mode windows-amd64 compressed oops)
Heap:
 PSYoungGen      total 1136640K, used 885623K [0x0000000716780000, 0x0000000761280000, 0x00000007c0000000)
  eden space 1049600K, 76% used [0x0000000716780000,0x0000000747362a00,0x0000000756880000)
  from space 87040K, 99% used [0x000000075bd80000,0x000000076127b338,0x0000000761280000)
  to   space 87040K, 0% used [0x0000000756880000,0x0000000756880000,0x000000075bd80000)
 ParOldGen       total 1398272K, used 315069K [0x00000005c3600000, 0x0000000618b80000, 0x0000000716780000)
  object space 1398272K, 22% used [0x00000005c3600000,0x00000005d69af578,0x0000000618b80000)
 Metaspace       used 10087K, capacity 10390K, committed 10624K, reserved 1058816K
  class space    used 1012K, capacity 1114K, committed 1152K, reserved 1048576K
GC Heap History (4 events):
Event: 1.130 GC heap before
{Heap before GC invocations=1 (full 0):
 PSYoungGen      total 611840K, used 524800K [0x0000000716780000, 0x0000000741200000, 0x00000007c0000000)
  eden space 524800K, 100% used [0x0000000716780000,0x0000000736800000,0x0000000736800000)
  from space 87040K, 0% used [0x000000073bd00000,0x000000073bd00000,0x0000000741200000)
  to   space 87040K, 0% used [0x0000000736800000,0x0000000736800000,0x000000073bd00000)
 ParOldGen       total 1398272K, used 0K [0x00000005c3600000, 0x0000000618b80000, 0x0000000716780000)
  object space 1398272K, 0% used [0x00000005c3600000,0x00000005c3600000,0x0000000618b80000)
 Metaspace       used 7268K, capacity 7486K, committed 7808K, reserved 1056768K
  class space    used 712K, capacity 814K, committed 896K, reserved 1048576K
Event: 1.174 GC heap after
Heap after GC invocations=1 (full 0):
 PSYoungGen      total 611840K, used 87028K [0x0000000716780000, 0x0000000761280000, 0x00000007c0000000)
  eden space 524800K, 0% used [0x0000000716780000,0x0000000716780000,0x0000000736800000)
  from space 87040K, 99% used [0x0000000736800000,0x000000073bcfd140,0x000000073bd00000)
  to   space 87040K, 0% used [0x000000075bd80000,0x000000075bd80000,0x0000000761280000)
 ParOldGen       total 1398272K, used 140463K [0x00000005c3600000, 0x0000000618b80000, 0x0000000716780000)
  object space 1398272K, 10% used [0x00000005c3600000,0x00000005cbf2bf60,0x0000000618b80000)
 Metaspace       used 7268K, capacity 7486K, committed 7808K, reserved 1056768K
  class space    used 712K, capacity 814K, committed 896K, reserved 1048576K
}
Event: 1.687 GC heap before
{Heap before GC invocations=2 (full 0):
 PSYoungGen      total 611840K, used 611828K [0x0000000716780000, 0x0000000761280000, 0x00000007c0000000)
  eden space 524800K, 100% used [0x0000000716780000,0x0000000736800000,0x0000000736800000)
  from space 87040K, 99% used [0x0000000736800000,0x000000073bcfd140,0x000000073bd00000)
  to   space 87040K, 0% used [0x000000075bd80000,0x000000075bd80000,0x0000000761280000)
 ParOldGen       total 1398272K, used 141013K [0x00000005c3600000, 0x0000000618b80000, 0x0000000716780000)
  object space 1398272K, 10% used [0x00000005c3600000,0x00000005cbfb54b8,0x0000000618b80000)
 Metaspace       used 9521K, capacity 9772K, committed 9984K, reserved 1058816K
  class space    used 943K, capacity 1017K, committed 1024K, reserved 1048576K
Event: 1.729 GC heap after
Heap after GC invocations=2 (full 0):
 PSYoungGen      total 1136640K, used 87020K [0x0000000716780000, 0x0000000761280000, 0x00000007c0000000)
  eden space 1049600K, 0% used [0x0000000716780000,0x0000000716780000,0x0000000756880000)
  from space 87040K, 99% used [0x000000075bd80000,0x000000076127b338,0x0000000761280000)
  to   space 87040K, 0% used [0x0000000756880000,0x0000000756880000,0x000000075bd80000)
 ParOldGen       total 1398272K, used 315069K [0x00000005c3600000, 0x0000000618b80000, 0x0000000716780000)
  object space 1398272K, 22% used [0x00000005c3600000,0x00000005d69af578,0x0000000618b80000)
 Metaspace       used 9521K, capacity 9772K, committed 9984K, reserved 1058816K
  class space    used 943K, capacity 1017K, committed 1024K, reserved 1048576K
}

